<?xml version="1.0" encoding="UTF-8"?>
<!-- Generated by org.testng.reporters.JUnitReportReporter -->
<testsuite hostname="Mathan" failures="0" tests="1" name="com.qa.testscripts.TC_Scenario_001" time="2.391" errors="0" timestamp="2023-11-01T11:51:05 IST" skipped="0">
  <testcase classname="com.qa.testscripts.TC_Scenario_001" name="Scenario1" time="2.391"/>
  <system-out/>
</testsuite> <!-- com.qa.testscripts.TC_Scenario_001 -->
